# JRE version: OpenJDK Runtime Environment Temurin-17.0.2+8 (17.0.2+8) (build 17.0.2+8)
# Java VM: OpenJDK 64-Bit Server VM Temurin-17.0.2+8 (17.0.2+8, mixed mode, emulated-client, tiered, compressed oops, compressed class ptrs, g1 gc, windows-amd64)
GC Precious Log:
 CPUs: 4 total, 4 available
 Memory: 3994M
 Large Page Support: Disabled
 NUMA Support: Disabled
 Compressed Oops: Enabled (32-bit)
 Heap Region Size: 1M
 Heap Min Capacity: 8M
 Heap Initial Capacity: 64M
 Heap Max Capacity: 1000M
 Pre-touch: Disabled
 Parallel Workers: 4
 Concurrent Workers: 1
 Concurrent Refinement Workers: 4
 Periodic GC: Disabled
Heap:
 garbage-first heap   total 34816K, used 9976K [0x00000000c1800000, 0x0000000100000000)
  region size 1024K, 1 young (1024K), 0 survivors (0K)
 Metaspace       used 28549K, committed 28928K, reserved 1081344K
  class space    used 3811K, committed 3968K, reserved 1048576K
GC Heap History (20 events):
Event: 2858.688 GC heap before
{Heap before GC invocations=279 (full 272):
 garbage-first heap   total 34816K, used 9976K [0x00000000c1800000, 0x0000000100000000)
  region size 1024K, 1 young (1024K), 0 survivors (0K)
 Metaspace       used 28549K, committed 28928K, reserved 1081344K
  class space    used 3811K, committed 3968K, reserved 1048576K
}
Event: 2858.709 GC heap after
{Heap after GC invocations=280 (full 273):
 garbage-first heap   total 34816K, used 9976K [0x00000000c1800000, 0x0000000100000000)
  region size 1024K, 0 young (0K), 0 survivors (0K)
 Metaspace       used 28549K, committed 28928K, reserved 1081344K
  class space    used 3811K, committed 3968K, reserved 1048576K
}
Event: 2868.902 GC heap before
{Heap before GC invocations=280 (full 273):
 garbage-first heap   total 34816K, used 9976K [0x00000000c1800000, 0x0000000100000000)
  region size 1024K, 1 young (1024K), 0 survivors (0K)
 Metaspace       used 28549K, committed 28928K, reserved 1081344K
  class space    used 3811K, committed 3968K, reserved 1048576K
}
Event: 2868.917 GC heap after
{Heap after GC invocations=281 (full 274):
 garbage-first heap   total 34816K, used 9976K [0x00000000c1800000, 0x0000000100000000)
  region size 1024K, 0 young (0K), 0 survivors (0K)
 Metaspace       used 28549K, committed 28928K, reserved 1081344K
  class space    used 3811K, committed 3968K, reserved 1048576K
}
Event: 2879.141 GC heap before
{Heap before GC invocations=281 (full 274):
 garbage-first heap   total 34816K, used 9976K [0x00000000c1800000, 0x0000000100000000)
  region size 1024K, 1 young (1024K), 0 survivors (0K)
 Metaspace       used 28549K, committed 28928K, reserved 1081344K
  class space    used 3811K, committed 3968K, reserved 1048576K
}
Event: 2879.159 GC heap after
{Heap after GC invocations=282 (full 275):
 garbage-first heap   total 34816K, used 9976K [0x00000000c1800000, 0x0000000100000000)
  region size 1024K, 0 young (0K), 0 survivors (0K)
 Metaspace       used 28549K, committed 28928K, reserved 1081344K
  class space    used 3811K, committed 3968K, reserved 1048576K
}
Event: 2889.334 GC heap before
{Heap before GC invocations=282 (full 275):
 garbage-first heap   total 34816K, used 9976K [0x00000000c1800000, 0x0000000100000000)
  region size 1024K, 1 young (1024K), 0 survivors (0K)
 Metaspace       used 28549K, committed 28928K, reserved 1081344K
  class space    used 3811K, committed 3968K, reserved 1048576K
}
Event: 2889.351 GC heap after
{Heap after GC invocations=283 (full 276):
 garbage-first heap   total 34816K, used 9976K [0x00000000c1800000, 0x0000000100000000)
  region size 1024K, 0 young (0K), 0 survivors (0K)
 Metaspace       used 28549K, committed 28928K, reserved 1081344K
  class space    used 3811K, committed 3968K, reserved 1048576K
}
Event: 2899.513 GC heap before
{Heap before GC invocations=283 (full 276):
 garbage-first heap   total 34816K, used 9976K [0x00000000c1800000, 0x0000000100000000)
  region size 1024K, 1 young (1024K), 0 survivors (0K)
 Metaspace       used 28549K, committed 28928K, reserved 1081344K
  class space    used 3811K, committed 3968K, reserved 1048576K
}
Event: 2899.527 GC heap after
{Heap after GC invocations=284 (full 277):
 garbage-first heap   total 34816K, used 9976K [0x00000000c1800000, 0x0000000100000000)
  region size 1024K, 0 young (0K), 0 survivors (0K)
 Metaspace       used 28549K, committed 28928K, reserved 1081344K
  class space    used 3811K, committed 3968K, reserved 1048576K
}
Event: 2909.700 GC heap before
{Heap before GC invocations=284 (full 277):
 garbage-first heap   total 34816K, used 9976K [0x00000000c1800000, 0x0000000100000000)
  region size 1024K, 1 young (1024K), 0 survivors (0K)
 Metaspace       used 28549K, committed 28928K, reserved 1081344K
  class space    used 3811K, committed 3968K, reserved 1048576K
}
Event: 2909.716 GC heap after
{Heap after GC invocations=285 (full 278):
 garbage-first heap   total 34816K, used 9976K [0x00000000c1800000, 0x0000000100000000)
  region size 1024K, 0 young (0K), 0 survivors (0K)
 Metaspace       used 28549K, committed 28928K, reserved 1081344K
  class space    used 3811K, committed 3968K, reserved 1048576K
}
Event: 2919.911 GC heap before
{Heap before GC invocations=285 (full 278):
 garbage-first heap   total 34816K, used 9976K [0x00000000c1800000, 0x0000000100000000)
  region size 1024K, 1 young (1024K), 0 survivors (0K)
 Metaspace       used 28549K, committed 28928K, reserved 1081344K
  class space    used 3811K, committed 3968K, reserved 1048576K
}
Event: 2919.928 GC heap after
{Heap after GC invocations=286 (full 279):
 garbage-first heap   total 34816K, used 9976K [0x00000000c1800000, 0x0000000100000000)
  region size 1024K, 0 young (0K), 0 survivors (0K)
 Metaspace       used 28549K, committed 28928K, reserved 1081344K
  class space    used 3811K, committed 3968K, reserved 1048576K
}
Event: 2930.107 GC heap before
{Heap before GC invocations=286 (full 279):
 garbage-first heap   total 34816K, used 9976K [0x00000000c1800000, 0x0000000100000000)
  region size 1024K, 1 young (1024K), 0 survivors (0K)
 Metaspace       used 28549K, committed 28928K, reserved 1081344K
  class space    used 3811K, committed 3968K, reserved 1048576K
}
Event: 2930.121 GC heap after
{Heap after GC invocations=287 (full 280):
 garbage-first heap   total 34816K, used 9976K [0x00000000c1800000, 0x0000000100000000)
  region size 1024K, 0 young (0K), 0 survivors (0K)
 Metaspace       used 28549K, committed 28928K, reserved 1081344K
  class space    used 3811K, committed 3968K, reserved 1048576K
}
Event: 2940.277 GC heap before
{Heap before GC invocations=287 (full 280):
 garbage-first heap   total 34816K, used 9976K [0x00000000c1800000, 0x0000000100000000)
  region size 1024K, 1 young (1024K), 0 survivors (0K)
 Metaspace       used 28549K, committed 28928K, reserved 1081344K
  class space    used 3811K, committed 3968K, reserved 1048576K
}
Event: 2940.293 GC heap after
{Heap after GC invocations=288 (full 281):
 garbage-first heap   total 34816K, used 9976K [0x00000000c1800000, 0x0000000100000000)
  region size 1024K, 0 young (0K), 0 survivors (0K)
 Metaspace       used 28549K, committed 28928K, reserved 1081344K
  class space    used 3811K, committed 3968K, reserved 1048576K
}
Event: 2950.567 GC heap before
{Heap before GC invocations=288 (full 281):
 garbage-first heap   total 34816K, used 9976K [0x00000000c1800000, 0x0000000100000000)
  region size 1024K, 1 young (1024K), 0 survivors (0K)
 Metaspace       used 28549K, committed 28928K, reserved 1081344K
  class space    used 3811K, committed 3968K, reserved 1048576K
}
Event: 2950.592 GC heap after
{Heap after GC invocations=289 (full 282):
 garbage-first heap   total 34816K, used 9976K [0x00000000c1800000, 0x0000000100000000)
  region size 1024K, 0 young (0K), 0 survivors (0K)
 Metaspace       used 28549K, committed 28928K, reserved 1081344K
  class space    used 3811K, committed 3968K, reserved 1048576K
}

